<?xml version="1.0" encoding="UTF-8"?>
<!-- Generated by org.testng.reporters.JUnitReportReporter -->
<testsuite hostname="DESKTOP-DKJ1N7R" failures="0" tests="1" name="LoginFB.logintest" time="2.755" errors="0" timestamp="2024-09-16T03:22:56 PDT" skipped="0">
  <testcase classname="LoginFB.logintest" name="testLogin" time="2.755"/>
  <system-out/>
</testsuite> <!-- LoginFB.logintest -->
