<?xml version="1.0" encoding="UTF-8"?>
<!-- Generated by org.testng.reporters.JUnitReportReporter -->
<testsuite hostname="DESKTOP-DKJ1N7R" failures="0" tests="1" name="LoginSD.logintest" time="2.566" errors="0" timestamp="2024-09-11T12:09:45 PDT" skipped="0">
  <testcase classname="LoginSD.logintest" name="testLogin" time="2.566"/>
  <system-out/>
</testsuite> <!-- LoginSD.logintest -->
